<?xml version="1.0" encoding="UTF-8"?>
<testng-results ignored="0" total="1" passed="1" failed="0" skipped="0">
  <reporter-output>
  </reporter-output>
  <suite started-at="2024-05-12T23:04:55 IST" name="Suite" finished-at="2024-05-12T23:05:10 IST" duration-ms="14214">
    <groups>
    </groups>
    <test started-at="2024-05-12T23:04:55 IST" name="Test" finished-at="2024-05-12T23:05:10 IST" duration-ms="14214">
      <class name="qa.test.TestCase1">
        <test-method is-config="true" signature="beforeTestMethod()[pri:0, instance:qa.test.TestCase1@40a4337a]" started-at="2024-05-12T23:04:55 IST" name="beforeTestMethod" finished-at="2024-05-12T23:04:56 IST" duration-ms="510" status="PASS">
          <reporter-output>
          </reporter-output>
        </test-method> <!-- beforeTestMethod -->
        <test-method is-config="true" signature="beforeMethodMethod(java.lang.String,java.lang.reflect.Method)[pri:0, instance:qa.test.TestCase1@40a4337a]" started-at="2024-05-12T23:04:56 IST" name="beforeMethodMethod" finished-at="2024-05-12T23:05:03 IST" duration-ms="6761" status="PASS">
          <params>
            <param index="0">
              <value>
                <![CDATA[chrome]]>
              </value>
            </param>
            <param index="1">
              <value>
                <![CDATA[public void qa.test.TestCase1.sampleMethodForEnteringCredentials()]]>
              </value>
            </param>
          </params>
          <reporter-output>
          </reporter-output>
        </test-method> <!-- beforeMethodMethod -->
        <test-method signature="sampleMethodForEnteringCredentials()[pri:0, instance:qa.test.TestCase1@40a4337a]" started-at="2024-05-12T23:05:03 IST" name="sampleMethodForEnteringCredentials" finished-at="2024-05-12T23:05:09 IST" duration-ms="6054" status="PASS">
          <reporter-output>
          </reporter-output>
        </test-method> <!-- sampleMethodForEnteringCredentials -->
        <test-method is-config="true" signature="afterMethodMethod(org.testng.ITestResult)[pri:0, instance:qa.test.TestCase1@40a4337a]" started-at="2024-05-12T23:05:09 IST" name="afterMethodMethod" finished-at="2024-05-12T23:05:09 IST" duration-ms="344" status="PASS">
          <params>
            <param index="0">
              <value>
                <![CDATA[[TestResult name=sampleMethodForEnteringCredentials status=SUCCESS method=TestCase1.sampleMethodForEnteringCredentials()[pri:0, instance:qa.test.TestCase1@40a4337a] output={null}]]]>
              </value>
            </param>
          </params>
          <reporter-output>
          </reporter-output>
        </test-method> <!-- afterMethodMethod -->
        <test-method is-config="true" signature="afterTestMethid()[pri:0, instance:qa.test.TestCase1@40a4337a]" started-at="2024-05-12T23:05:09 IST" name="afterTestMethid" finished-at="2024-05-12T23:05:10 IST" duration-ms="463" status="PASS">
          <reporter-output>
          </reporter-output>
        </test-method> <!-- afterTestMethid -->
      </class> <!-- qa.test.TestCase1 -->
    </test> <!-- Test -->
  </suite> <!-- Suite -->
</testng-results>
